INFO  06:06:29 Starup File started Running
INFO  06:06:30 Application started. Press Ctrl+C to shut down.
INFO  06:06:30 Application started. Press Ctrl+C to shut down.
INFO  06:06:30 Hosting environment: Development
INFO  06:06:30 Hosting environment: Development
INFO  06:06:30 Content root path: F:\MFRFV1\MedicineStockApi
INFO  06:06:30 Content root path: F:\MFRFV1\MedicineStockApi
INFO  06:06:30 Get Api Initiated
INFO  06:06:31 Medicine List Returned
INFO  06:06:31 Medicine Information fetched
INFO  06:06:31 Medicine Data Returned
INFO  12:01:37 Starup File started Running
INFO  12:02:09 Application started. Press Ctrl+C to shut down.
INFO  12:02:09 Application started. Press Ctrl+C to shut down.
INFO  12:02:10 Hosting environment: Development
INFO  12:02:10 Hosting environment: Development
INFO  12:02:10 Content root path: D:\Projects\Cognizant MFRP\Medicine-master\MedicineStockApi
INFO  12:02:10 Content root path: D:\Projects\Cognizant MFRP\Medicine-master\MedicineStockApi
INFO  12:02:16 Get Api Initiated
INFO  12:02:16 Medicine List Returned
INFO  12:02:17 Medicine Information fetched
INFO  12:02:17 Medicine Data Returned
INFO  12:03:58 Get Api Initiated
INFO  12:03:58 Medicine List Returned
INFO  12:03:58 Medicine Information fetched
INFO  12:03:58 Medicine Data Returned
INFO  12:04:08 Get Api Initiated
INFO  12:04:08 Medicine List Returned
INFO  12:04:08 Medicine Information fetched
INFO  12:04:08 Medicine Data Returned
INFO  12:04:39 Get Api Initiated
INFO  12:04:39 Medicine List Returned
INFO  12:04:39 Medicine Information fetched
INFO  12:04:39 Medicine Data Returned
INFO  12:05:06 Get Api Initiated
INFO  12:05:06 Medicine List Returned
INFO  12:05:06 Medicine Information fetched
INFO  12:05:06 Medicine Data Returned
INFO  12:10:59 Get Api Initiated
INFO  12:10:59 Medicine List Returned
INFO  12:10:59 Medicine Information fetched
INFO  12:10:59 Medicine Data Returned
INFO  12:11:24 Get Api Initiated
INFO  12:11:24 Medicine List Returned
INFO  12:11:24 Medicine Information fetched
INFO  12:11:24 Medicine Data Returned
INFO  12:11:33 Get Api Initiated
INFO  12:11:33 Medicine List Returned
INFO  12:11:33 Medicine Information fetched
INFO  12:11:33 Medicine Data Returned
INFO  12:11:41 Get Api Initiated
INFO  12:11:41 Medicine List Returned
INFO  12:11:41 Medicine Information fetched
INFO  12:11:41 Medicine Data Returned
INFO  12:11:44 Get Api Initiated
INFO  12:11:44 Medicine List Returned
INFO  12:11:44 Medicine Information fetched
INFO  12:11:44 Medicine Data Returned
INFO  12:11:47 Get Api Initiated
INFO  12:11:47 Medicine List Returned
INFO  12:11:47 Medicine Information fetched
INFO  12:11:47 Medicine Data Returned
INFO  12:11:53 Get Api Initiated
INFO  12:11:53 Medicine List Returned
INFO  12:11:53 Medicine Information fetched
INFO  12:11:53 Medicine Data Returned
INFO  12:12:01 Get Api Initiated
INFO  12:12:01 Medicine List Returned
INFO  12:12:01 Medicine Information fetched
INFO  12:12:01 Medicine Data Returned
INFO  12:12:07 Get Api Initiated
INFO  12:12:07 Medicine List Returned
INFO  12:12:07 Medicine Information fetched
INFO  12:12:07 Medicine Data Returned
INFO  12:12:30 Get Api Initiated
INFO  12:12:30 Medicine List Returned
INFO  12:12:30 Medicine Information fetched
INFO  12:12:30 Medicine Data Returned
INFO  12:12:49 Get Api Initiated
INFO  12:12:49 Medicine List Returned
INFO  12:12:49 Medicine Information fetched
INFO  12:12:49 Medicine Data Returned
INFO  12:12:55 Get Api Initiated
INFO  12:12:55 Medicine List Returned
INFO  12:12:55 Medicine Information fetched
INFO  12:12:55 Medicine Data Returned
INFO  12:13:07 Get Api Initiated
INFO  12:13:07 Medicine List Returned
INFO  12:13:07 Medicine Information fetched
INFO  12:13:07 Medicine Data Returned
INFO  03:45:52 Starup File started Running
INFO  03:46:09 Application started. Press Ctrl+C to shut down.
INFO  03:46:09 Application started. Press Ctrl+C to shut down.
INFO  03:46:11 Hosting environment: Development
INFO  03:46:11 Hosting environment: Development
INFO  03:46:11 Content root path: D:\Projects\Cognizant MFRP\Medicine-master\MedicineStockApi
INFO  03:46:11 Content root path: D:\Projects\Cognizant MFRP\Medicine-master\MedicineStockApi
INFO  03:46:13 Get Api Initiated
INFO  03:46:13 Medicine List Returned
INFO  03:46:15 Medicine Information fetched
INFO  03:46:15 Medicine Data Returned
INFO  03:49:40 Get Api Initiated
INFO  03:49:40 Medicine List Returned
INFO  03:49:40 Medicine Information fetched
INFO  03:49:40 Medicine Data Returned
INFO  03:53:19 Get Api Initiated
INFO  03:53:19 Medicine List Returned
INFO  03:53:19 Medicine Information fetched
INFO  03:53:19 Medicine Data Returned
INFO  03:54:17 Get Api Initiated
INFO  03:54:17 Medicine List Returned
INFO  03:54:17 Medicine Information fetched
INFO  03:54:17 Medicine Data Returned
